<?xml version="1.0" encoding="UTF-8"?>
<!-- Generated by org.testng.reporters.JUnitXMLReporter -->
<testsuite ignored="0" hostname="LAPTOP-22H2D9OF" failures="0" tests="4" name="annotationsdemo" time="0.079" errors="0" timestamp="2024-03-26T18:36:19 IST">
  <testcase classname="com.marketing.TC1" name="test1" time="0.002"/>
  <testcase classname="com.marketing.TC1" name="test2" time="0.003"/>
  <testcase classname="com.marketing.TC2" name="test3" time="0.003"/>
  <testcase classname="com.marketing.TC2" name="test4" time="0.009"/>
</testsuite> <!-- annotationsdemo -->
