<?xml version="1.0" encoding="UTF-8"?>
<!-- Generated by org.testng.reporters.JUnitXMLReporter -->
<testsuite ignored="4" hostname="LAPTOP-22H2D9OF" failures="0" tests="0" time="0.003" errors="0" timestamp="2024-03-26T18:36:19 IST">
  <testcase classname="com.marketing.GroupingExample" name="test2" time="0.0">
    <ignored/>
  </testcase> <!-- test2 -->
  <testcase classname="com.marketing.GroupingExample" name="test3" time="0.0">
    <ignored/>
  </testcase> <!-- test3 -->
  <testcase classname="com.marketing.GroupingExample" name="test1" time="0.0">
    <ignored/>
  </testcase> <!-- test1 -->
  <testcase classname="com.marketing.GroupingExample" name="test4" time="0.0">
    <ignored/>
  </testcase> <!-- test4 -->
</testsuite>
