<?xml version="1.0" encoding="UTF-8"?>
<testng-results ignored="0" total="2" passed="2" failed="0" skipped="0">
  <reporter-output>
  </reporter-output>
  <suite started-at="2024-03-28T20:06:04 IST" name="Surefire suite" finished-at="2024-03-28T20:06:04 IST" duration-ms="140">
    <groups>
    </groups>
    <test started-at="2024-03-28T20:06:04 IST" name="Surefire test" finished-at="2024-03-28T20:06:04 IST" duration-ms="140">
      <class name="com.marketing.AppTest">
        <test-method signature="testlogin1()[pri:0, instance:com.marketing.AppTest@23f7d05d]" started-at="2024-03-28T20:06:04 IST" name="testlogin1" finished-at="2024-03-28T20:06:04 IST" duration-ms="39" status="PASS">
          <reporter-output>
          </reporter-output>
        </test-method> <!-- testlogin1 -->
        <test-method signature="testlogin2()[pri:0, instance:com.marketing.AppTest@23f7d05d]" started-at="2024-03-28T20:06:04 IST" name="testlogin2" finished-at="2024-03-28T20:06:04 IST" duration-ms="2" status="PASS">
          <reporter-output>
          </reporter-output>
        </test-method> <!-- testlogin2 -->
      </class> <!-- com.marketing.AppTest -->
    </test> <!-- Surefire test -->
  </suite> <!-- Surefire suite -->
</testng-results>
